2025-12-11T09:32:38.838+05:30  INFO 21804 --- [UberApplication] [restartedMain] c.p.u.UberApplication.UberApplication    : Starting UberApplication using Java 21.0.2 with PID 21804 (E:\ALL YOUTUBE CONTENT HERE\SPRINGBOOT NOTES CODING SHUTTLE\UBER BACKEND NOTES DIAGRAM AND UML DIAGRAM\UberApplication\target\classes started by JATIN in E:\ALL YOUTUBE CONTENT HERE\SPRINGBOOT NOTES CODING SHUTTLE\UBER BACKEND NOTES DIAGRAM AND UML DIAGRAM\UberApplication)
2025-12-11T09:32:38.884+05:30  INFO 21804 --- [UberApplication] [restartedMain] c.p.u.UberApplication.UberApplication    : No active profile set, falling back to 1 default profile: "default"
2025-12-11T09:32:39.120+05:30  INFO 21804 --- [UberApplication] [restartedMain] .e.DevToolsPropertyDefaultsPostProcessor : Devtools property defaults active! Set 'spring.devtools.add-properties' to 'false' to disable
2025-12-11T09:32:39.120+05:30  INFO 21804 --- [UberApplication] [restartedMain] .e.DevToolsPropertyDefaultsPostProcessor : For additional web related logging consider setting the 'logging.level.web' property to 'DEBUG'
2025-12-11T09:32:47.369+05:30  INFO 21804 --- [UberApplication] [restartedMain] .s.d.r.c.RepositoryConfigurationDelegate : Bootstrapping Spring Data JPA repositories in DEFAULT mode.
2025-12-11T09:32:47.907+05:30  INFO 21804 --- [UberApplication] [restartedMain] .s.d.r.c.RepositoryConfigurationDelegate : Finished Spring Data repository scanning in 499 ms. Found 10 JPA repository interfaces.
2025-12-11T09:32:50.812+05:30  INFO 21804 --- [UberApplication] [restartedMain] o.s.b.w.embedded.tomcat.TomcatWebServer  : Tomcat initialized with port 8080 (http)
2025-12-11T09:32:50.843+05:30  INFO 21804 --- [UberApplication] [restartedMain] o.apache.catalina.core.StandardService   : Starting service [Tomcat]
2025-12-11T09:32:50.843+05:30  INFO 21804 --- [UberApplication] [restartedMain] o.apache.catalina.core.StandardEngine    : Starting Servlet engine: [Apache Tomcat/10.1.30]
2025-12-11T09:32:51.062+05:30  INFO 21804 --- [UberApplication] [restartedMain] o.a.c.c.C.[Tomcat].[localhost].[/]       : Initializing Spring embedded WebApplicationContext
2025-12-11T09:32:51.062+05:30  INFO 21804 --- [UberApplication] [restartedMain] w.s.c.ServletWebServerApplicationContext : Root WebApplicationContext: initialization completed in 11928 ms
2025-12-11T09:32:51.918+05:30  INFO 21804 --- [UberApplication] [restartedMain] com.zaxxer.hikari.HikariDataSource       : HikariPool-1 - Starting...
2025-12-11T09:32:52.620+05:30  INFO 21804 --- [UberApplication] [restartedMain] com.zaxxer.hikari.pool.HikariPool        : HikariPool-1 - Added connection org.postgresql.jdbc.PgConnection@6b0931fc
2025-12-11T09:32:52.620+05:30  INFO 21804 --- [UberApplication] [restartedMain] com.zaxxer.hikari.HikariDataSource       : HikariPool-1 - Start completed.
2025-12-11T09:32:52.995+05:30  INFO 21804 --- [UberApplication] [restartedMain] o.hibernate.jpa.internal.util.LogHelper  : HHH000204: Processing PersistenceUnitInfo [name: default]
2025-12-11T09:32:53.926+05:30  INFO 21804 --- [UberApplication] [restartedMain] org.hibernate.Version                    : HHH000412: Hibernate ORM core version 6.5.3.Final
2025-12-11T09:32:54.051+05:30  INFO 21804 --- [UberApplication] [restartedMain] o.h.spatial.integration.SpatialService   : HHH80000001: hibernate-spatial integration enabled : true
2025-12-11T09:32:54.831+05:30  INFO 21804 --- [UberApplication] [restartedMain] o.h.c.internal.RegionFactoryInitiator    : HHH000026: Second-level cache disabled
2025-12-11T09:32:55.791+05:30  WARN 21804 --- [UberApplication] [restartedMain] org.hibernate.orm.deprecation            : HHH90000025: PostgreSQLDialect does not need to be specified explicitly using 'hibernate.dialect' (remove the property setting and it will be selected by default)
2025-12-11T09:32:55.947+05:30  INFO 21804 --- [UberApplication] [restartedMain] org.hibernate.spatial                    : HHH80000003: hibernate-spatial adding type contributions from : org.hibernate.spatial.dialect.postgis.PostgisDialectContributor
2025-12-11T09:32:57.621+05:30  INFO 21804 --- [UberApplication] [restartedMain] o.s.o.j.p.SpringPersistenceUnitInfo      : No LoadTimeWeaver setup: ignoring JPA class transformer
2025-12-11T09:32:57.699+05:30  INFO 21804 --- [UberApplication] [restartedMain] org.hibernate.spatial                    : HHH80000003: hibernate-spatial adding type contributions from : org.hibernate.spatial.dialect.postgis.PostgisDialectContributor
2025-12-11T09:32:59.933+05:30  INFO 21804 --- [UberApplication] [restartedMain] org.hibernate.spatial                    : HHH80000004: hibernate-spatial adding function contributions from : org.hibernate.spatial.dialect.postgis.PostgisDialectContributor
2025-12-11T09:33:01.657+05:30  INFO 21804 --- [UberApplication] [restartedMain] o.h.e.t.j.p.i.JtaPlatformInitiator       : HHH000489: No JTA platform available (set 'hibernate.transaction.jta.platform' to enable JTA platform integration)
2025-12-11T09:33:02.471+05:30  INFO 21804 --- [UberApplication] [restartedMain] j.LocalContainerEntityManagerFactoryBean : Initialized JPA EntityManagerFactory for persistence unit 'default'
2025-12-11T09:33:04.345+05:30  WARN 21804 --- [UberApplication] [restartedMain] JpaBaseConfiguration$JpaWebConfiguration : spring.jpa.open-in-view is enabled by default. Therefore, database queries may be performed during view rendering. Explicitly configure spring.jpa.open-in-view to disable this warning
2025-12-11T09:33:05.358+05:30  INFO 21804 --- [UberApplication] [restartedMain] o.s.d.j.r.query.QueryEnhancerFactory     : Hibernate is in classpath; If applicable, HQL parser will be used.
2025-12-11T09:33:07.575+05:30  INFO 21804 --- [UberApplication] [restartedMain] r$InitializeUserDetailsManagerConfigurer : Global AuthenticationManager configured with UserDetailsService bean with name userServiceImpl
2025-12-11T09:33:10.154+05:30  INFO 21804 --- [UberApplication] [restartedMain] o.s.b.a.e.web.EndpointLinksResolver      : Exposing 15 endpoints beneath base path '/management'
2025-12-11T09:33:11.669+05:30  INFO 21804 --- [UberApplication] [restartedMain] o.s.b.d.a.OptionalLiveReloadServer       : LiveReload server is running on port 35729
2025-12-11T09:33:11.825+05:30  INFO 21804 --- [UberApplication] [restartedMain] o.s.b.w.embedded.tomcat.TomcatWebServer  : Tomcat started on port 8080 (http) with context path '/'
2025-12-11T09:33:11.872+05:30  INFO 21804 --- [UberApplication] [restartedMain] c.p.u.UberApplication.UberApplication    : Started UberApplication in 34.689 seconds (process running for 36.581)
2025-12-11T09:56:26.741+05:30  INFO 21804 --- [UberApplication] [SpringApplicationShutdownHook] j.LocalContainerEntityManagerFactoryBean : Closing JPA EntityManagerFactory for persistence unit 'default'
2025-12-11T09:56:26.763+05:30  INFO 21804 --- [UberApplication] [SpringApplicationShutdownHook] com.zaxxer.hikari.HikariDataSource       : HikariPool-1 - Shutdown initiated...
2025-12-11T09:56:26.811+05:30  INFO 21804 --- [UberApplication] [SpringApplicationShutdownHook] com.zaxxer.hikari.HikariDataSource       : HikariPool-1 - Shutdown completed.
2025-12-11T09:56:54.147+05:30  INFO 10140 --- [UberApplication] [restartedMain] c.p.u.UberApplication.UberApplication    : Starting UberApplication using Java 21.0.2 with PID 10140 (E:\ALL YOUTUBE CONTENT HERE\SPRINGBOOT NOTES CODING SHUTTLE\UBER BACKEND NOTES DIAGRAM AND UML DIAGRAM\UberApplication\target\classes started by JATIN in E:\ALL YOUTUBE CONTENT HERE\SPRINGBOOT NOTES CODING SHUTTLE\UBER BACKEND NOTES DIAGRAM AND UML DIAGRAM\UberApplication)
2025-12-11T09:56:54.153+05:30  INFO 10140 --- [UberApplication] [restartedMain] c.p.u.UberApplication.UberApplication    : No active profile set, falling back to 1 default profile: "default"
2025-12-11T09:56:54.413+05:30  INFO 10140 --- [UberApplication] [restartedMain] .e.DevToolsPropertyDefaultsPostProcessor : Devtools property defaults active! Set 'spring.devtools.add-properties' to 'false' to disable
2025-12-11T09:56:54.414+05:30  INFO 10140 --- [UberApplication] [restartedMain] .e.DevToolsPropertyDefaultsPostProcessor : For additional web related logging consider setting the 'logging.level.web' property to 'DEBUG'
2025-12-11T09:57:00.518+05:30  INFO 10140 --- [UberApplication] [restartedMain] .s.d.r.c.RepositoryConfigurationDelegate : Bootstrapping Spring Data JPA repositories in DEFAULT mode.
2025-12-11T09:57:01.110+05:30  INFO 10140 --- [UberApplication] [restartedMain] .s.d.r.c.RepositoryConfigurationDelegate : Finished Spring Data repository scanning in 564 ms. Found 10 JPA repository interfaces.
2025-12-11T09:57:07.055+05:30  INFO 10140 --- [UberApplication] [restartedMain] o.s.b.w.embedded.tomcat.TomcatWebServer  : Tomcat initialized with port 8080 (http)
2025-12-11T09:57:07.246+05:30  INFO 10140 --- [UberApplication] [restartedMain] o.apache.catalina.core.StandardService   : Starting service [Tomcat]
2025-12-11T09:57:07.248+05:30  INFO 10140 --- [UberApplication] [restartedMain] o.apache.catalina.core.StandardEngine    : Starting Servlet engine: [Apache Tomcat/10.1.30]
2025-12-11T09:57:07.517+05:30  INFO 10140 --- [UberApplication] [restartedMain] o.a.c.c.C.[Tomcat].[localhost].[/]       : Initializing Spring embedded WebApplicationContext
2025-12-11T09:57:07.518+05:30  INFO 10140 --- [UberApplication] [restartedMain] w.s.c.ServletWebServerApplicationContext : Root WebApplicationContext: initialization completed in 13103 ms
2025-12-11T09:57:08.675+05:30  INFO 10140 --- [UberApplication] [restartedMain] com.zaxxer.hikari.HikariDataSource       : HikariPool-1 - Starting...
2025-12-11T09:57:09.539+05:30  INFO 10140 --- [UberApplication] [restartedMain] com.zaxxer.hikari.pool.HikariPool        : HikariPool-1 - Added connection org.postgresql.jdbc.PgConnection@65ae05ab
2025-12-11T09:57:09.543+05:30  INFO 10140 --- [UberApplication] [restartedMain] com.zaxxer.hikari.HikariDataSource       : HikariPool-1 - Start completed.
2025-12-11T09:57:10.263+05:30  INFO 10140 --- [UberApplication] [restartedMain] o.hibernate.jpa.internal.util.LogHelper  : HHH000204: Processing PersistenceUnitInfo [name: default]
2025-12-11T09:57:10.714+05:30  INFO 10140 --- [UberApplication] [restartedMain] org.hibernate.Version                    : HHH000412: Hibernate ORM core version 6.5.3.Final
2025-12-11T09:57:10.758+05:30  INFO 10140 --- [UberApplication] [restartedMain] o.h.spatial.integration.SpatialService   : HHH80000001: hibernate-spatial integration enabled : true
2025-12-11T09:57:10.975+05:30  INFO 10140 --- [UberApplication] [restartedMain] o.h.c.internal.RegionFactoryInitiator    : HHH000026: Second-level cache disabled
2025-12-11T09:57:12.091+05:30  WARN 10140 --- [UberApplication] [restartedMain] org.hibernate.orm.deprecation            : HHH90000025: PostgreSQLDialect does not need to be specified explicitly using 'hibernate.dialect' (remove the property setting and it will be selected by default)
2025-12-11T09:57:12.205+05:30  INFO 10140 --- [UberApplication] [restartedMain] org.hibernate.spatial                    : HHH80000003: hibernate-spatial adding type contributions from : org.hibernate.spatial.dialect.postgis.PostgisDialectContributor
2025-12-11T09:57:13.333+05:30  INFO 10140 --- [UberApplication] [restartedMain] o.s.o.j.p.SpringPersistenceUnitInfo      : No LoadTimeWeaver setup: ignoring JPA class transformer
2025-12-11T09:57:13.462+05:30  INFO 10140 --- [UberApplication] [restartedMain] org.hibernate.spatial                    : HHH80000003: hibernate-spatial adding type contributions from : org.hibernate.spatial.dialect.postgis.PostgisDialectContributor
2025-12-11T09:57:15.335+05:30  INFO 10140 --- [UberApplication] [restartedMain] org.hibernate.spatial                    : HHH80000004: hibernate-spatial adding function contributions from : org.hibernate.spatial.dialect.postgis.PostgisDialectContributor
2025-12-11T09:57:18.432+05:30  INFO 10140 --- [UberApplication] [restartedMain] o.h.e.t.j.p.i.JtaPlatformInitiator       : HHH000489: No JTA platform available (set 'hibernate.transaction.jta.platform' to enable JTA platform integration)
2025-12-11T09:57:19.225+05:30  INFO 10140 --- [UberApplication] [restartedMain] j.LocalContainerEntityManagerFactoryBean : Initialized JPA EntityManagerFactory for persistence unit 'default'
2025-12-11T09:57:22.099+05:30  WARN 10140 --- [UberApplication] [restartedMain] JpaBaseConfiguration$JpaWebConfiguration : spring.jpa.open-in-view is enabled by default. Therefore, database queries may be performed during view rendering. Explicitly configure spring.jpa.open-in-view to disable this warning
2025-12-11T09:57:24.031+05:30  INFO 10140 --- [UberApplication] [restartedMain] o.s.d.j.r.query.QueryEnhancerFactory     : Hibernate is in classpath; If applicable, HQL parser will be used.
2025-12-11T09:57:32.955+05:30  INFO 10140 --- [UberApplication] [restartedMain] r$InitializeUserDetailsManagerConfigurer : Global AuthenticationManager configured with UserDetailsService bean with name userServiceImpl
2025-12-11T09:57:39.929+05:30  INFO 10140 --- [UberApplication] [restartedMain] o.s.b.a.e.web.EndpointLinksResolver      : Exposing 15 endpoints beneath base path '/management'
2025-12-11T09:57:43.415+05:30  INFO 10140 --- [UberApplication] [restartedMain] o.s.b.d.a.OptionalLiveReloadServer       : LiveReload server is running on port 35729
2025-12-11T09:57:43.826+05:30  INFO 10140 --- [UberApplication] [restartedMain] o.s.b.w.embedded.tomcat.TomcatWebServer  : Tomcat started on port 8080 (http) with context path '/'
2025-12-11T09:57:44.018+05:30  INFO 10140 --- [UberApplication] [restartedMain] c.p.u.UberApplication.UberApplication    : Started UberApplication in 51.387 seconds (process running for 53.561)
2025-12-11T10:27:21.517+05:30  INFO 10140 --- [UberApplication] [SpringApplicationShutdownHook] j.LocalContainerEntityManagerFactoryBean : Closing JPA EntityManagerFactory for persistence unit 'default'
2025-12-11T10:27:21.529+05:30  INFO 10140 --- [UberApplication] [SpringApplicationShutdownHook] com.zaxxer.hikari.HikariDataSource       : HikariPool-1 - Shutdown initiated...
2025-12-11T10:27:21.557+05:30  INFO 10140 --- [UberApplication] [SpringApplicationShutdownHook] com.zaxxer.hikari.HikariDataSource       : HikariPool-1 - Shutdown completed.
